p/99.jpg 1 0 0 50 50
p/98.png 1 0 0 50 50
p/97.png 1 0 0 50 50
p/96.png 1 0 0 50 50
p/95.png 1 0 0 50 50
p/94.png 1 0 0 50 50
p/93.png 1 0 0 50 50
p/92.png 1 0 0 50 50
p/91.png 1 0 0 50 50
p/90.png 1 0 0 50 50
p/9.png 1 0 0 50 50
p/89.png 1 0 0 50 50
p/88.png 1 0 0 50 50
p/87.jpg 1 0 0 50 50
p/86.png 1 0 0 50 50
p/85.png 1 0 0 50 50
p/84.png 1 0 0 50 50
p/83.png 1 0 0 50 50
p/82.png 1 0 0 50 50
p/81.png 1 0 0 50 50
p/80.png 1 0 0 50 50
p/8.png 1 0 0 50 50
p/79.png 1 0 0 50 50
p/78.png 1 0 0 50 50
p/77.png 1 0 0 50 50
p/76.png 1 0 0 50 50
p/75.jpg 1 0 0 50 50
p/74.png 1 0 0 50 50
p/73.png 1 0 0 50 50
p/72.png 1 0 0 50 50
p/71.png 1 0 0 50 50
p/70.png 1 0 0 50 50
p/7.png 1 0 0 50 50
p/69.png 1 0 0 50 50
p/68.png 1 0 0 50 50
p/67.png 1 0 0 50 50
p/66.png 1 0 0 50 50
p/65.png 1 0 0 50 50
p/64.png 1 0 0 50 50
p/63.jpg 1 0 0 50 50
p/62.png 1 0 0 50 50
p/61.png 1 0 0 50 50
p/60.png 1 0 0 50 50
p/6.png 1 0 0 50 50
p/59.png 1 0 0 50 50
p/58.png 1 0 0 50 50
p/57.png 1 0 0 50 50
p/56.png 1 0 0 50 50
p/55.png 1 0 0 50 50
p/54.png 1 0 0 50 50
p/53.png 1 0 0 50 50
p/52.png 1 0 0 50 50
p/51.jpg 1 0 0 50 50
p/50.png 1 0 0 50 50
p/5.png 1 0 0 50 50
p/49.png 1 0 0 50 50
p/48.png 1 0 0 50 50
p/475.png 1 0 0 50 50
p/474.png 1 0 0 50 50
p/473.png 1 0 0 50 50
p/472.png 1 0 0 50 50
p/471.png 1 0 0 50 50
p/470.png 1 0 0 50 50
p/47.png 1 0 0 50 50
p/469.png 1 0 0 50 50
p/468.png 1 0 0 50 50
p/467.png 1 0 0 50 50
p/466.png 1 0 0 50 50
p/465.png 1 0 0 50 50
p/464.jpg 1 0 0 50 50
p/463.png 1 0 0 50 50
p/462.png 1 0 0 50 50
p/461.png 1 0 0 50 50
p/460.png 1 0 0 50 50
p/46.png 1 0 0 50 50
p/459.png 1 0 0 50 50
p/458.png 1 0 0 50 50
p/457.png 1 0 0 50 50
p/456.png 1 0 0 50 50
p/455.png 1 0 0 50 50
p/454.png 1 0 0 50 50
p/453.png 1 0 0 50 50
p/452.jpg 1 0 0 50 50
p/451.png 1 0 0 50 50
p/450.png 1 0 0 50 50
p/45.png 1 0 0 50 50
p/449.png 1 0 0 50 50
p/448.png 1 0 0 50 50
p/447.png 1 0 0 50 50
p/446.png 1 0 0 50 50
p/445.png 1 0 0 50 50
p/444.png 1 0 0 50 50
p/443.png 1 0 0 50 50
p/442.png 1 0 0 50 50
p/441.png 1 0 0 50 50
p/440.jpg 1 0 0 50 50
p/44.png 1 0 0 50 50
p/439.png 1 0 0 50 50
p/438.png 1 0 0 50 50
p/437.png 1 0 0 50 50
p/436.png 1 0 0 50 50
p/435.png 1 0 0 50 50
p/434.jpg 1 0 0 50 50
p/433.png 1 0 0 50 50
p/432.jpg 1 0 0 50 50
p/431.png 1 0 0 50 50
p/430.jpg 1 0 0 50 50
p/43.png 1 0 0 50 50
p/429.png 1 0 0 50 50
p/428.jpg 1 0 0 50 50
p/427.png 1 0 0 50 50
p/426.jpg 1 0 0 50 50
p/425.png 1 0 0 50 50
p/424.jpg 1 0 0 50 50
p/423.png 1 0 0 50 50
p/422.jpg 1 0 0 50 50
p/421.png 1 0 0 50 50
p/420.jpg 1 0 0 50 50
p/42.png 1 0 0 50 50
p/419.png 1 0 0 50 50
p/418.jpg 1 0 0 50 50
p/417.png 1 0 0 50 50
p/416.jpg 1 0 0 50 50
p/415.png 1 0 0 50 50
p/414.jpg 1 0 0 50 50
p/413.png 1 0 0 50 50
p/412.jpg 1 0 0 50 50
p/411.png 1 0 0 50 50
p/410.jpg 1 0 0 50 50
p/41.png 1 0 0 50 50
p/409.png 1 0 0 50 50
p/408.jpg 1 0 0 50 50
p/407.png 1 0 0 50 50
p/406.jpg 1 0 0 50 50
p/405.png 1 0 0 50 50
p/404.jpg 1 0 0 50 50
p/403.png 1 0 0 50 50
p/402.jpg 1 0 0 50 50
p/401.png 1 0 0 50 50
p/400.jpg 1 0 0 50 50
p/40.png 1 0 0 50 50
p/4.png 1 0 0 50 50
p/399.png 1 0 0 50 50
p/398.jpg 1 0 0 50 50
p/397.png 1 0 0 50 50
p/396.jpg 1 0 0 50 50
p/395.png 1 0 0 50 50
p/394.jpg 1 0 0 50 50
p/393.png 1 0 0 50 50
p/392.jpg 1 0 0 50 50
p/391.png 1 0 0 50 50
p/390.jpg 1 0 0 50 50
p/39.jpg 1 0 0 50 50
p/389.png 1 0 0 50 50
p/388.jpg 1 0 0 50 50
p/387.png 1 0 0 50 50
p/386.jpg 1 0 0 50 50
p/385.png 1 0 0 50 50
p/384.jpg 1 0 0 50 50
p/383.png 1 0 0 50 50
p/382.png 1 0 0 50 50
p/381.jpg 1 0 0 50 50
p/380.png 1 0 0 50 50
p/38.png 1 0 0 50 50
p/379.png 1 0 0 50 50
p/378.png 1 0 0 50 50
p/377.png 1 0 0 50 50
p/376.png 1 0 0 50 50
p/375.png 1 0 0 50 50
p/374.png 1 0 0 50 50
p/373.png 1 0 0 50 50
p/372.png 1 0 0 50 50
p/371.png 1 0 0 50 50
p/370.png 1 0 0 50 50
p/37.png 1 0 0 50 50
p/369.jpg 1 0 0 50 50
p/368.png 1 0 0 50 50
p/367.jpg 1 0 0 50 50
p/366.png 1 0 0 50 50
p/365.png 1 0 0 50 50
p/364.png 1 0 0 50 50
p/363.png 1 0 0 50 50
p/362.png 1 0 0 50 50
p/361.png 1 0 0 50 50
p/360.png 1 0 0 50 50
p/36.png 1 0 0 50 50
p/359.png 1 0 0 50 50
p/358.png 1 0 0 50 50
p/357.png 1 0 0 50 50
p/356.png 1 0 0 50 50
p/355.jpg 1 0 0 50 50
p/354.png 1 0 0 50 50
p/353.png 1 0 0 50 50
p/352.png 1 0 0 50 50
p/351.png 1 0 0 50 50
p/350.png 1 0 0 50 50
p/35.png 1 0 0 50 50
p/349.png 1 0 0 50 50
p/348.png 1 0 0 50 50
p/347.png 1 0 0 50 50
p/346.png 1 0 0 50 50
p/345.png 1 0 0 50 50
p/344.png 1 0 0 50 50
p/343.jpg 1 0 0 50 50
p/342.png 1 0 0 50 50
p/341.png 1 0 0 50 50
p/340.png 1 0 0 50 50
p/34.png 1 0 0 50 50
p/339.png 1 0 0 50 50
p/338.png 1 0 0 50 50
p/337.png 1 0 0 50 50
p/336.png 1 0 0 50 50
p/335.png 1 0 0 50 50
p/334.png 1 0 0 50 50
p/333.png 1 0 0 50 50
p/332.png 1 0 0 50 50
p/331.jpg 1 0 0 50 50
p/330.png 1 0 0 50 50
p/33.png 1 0 0 50 50
p/329.png 1 0 0 50 50
p/328.png 1 0 0 50 50
p/327.png 1 0 0 50 50
p/326.png 1 0 0 50 50
p/325.png 1 0 0 50 50
p/324.png 1 0 0 50 50
p/323.png 1 0 0 50 50
p/322.png 1 0 0 50 50
p/321.png 1 0 0 50 50
p/320.png 1 0 0 50 50
p/32.png 1 0 0 50 50
p/319.jpg 1 0 0 50 50
p/318.png 1 0 0 50 50
p/317.png 1 0 0 50 50
p/316.png 1 0 0 50 50
p/315.png 1 0 0 50 50
p/314.png 1 0 0 50 50
p/313.png 1 0 0 50 50
p/312.png 1 0 0 50 50
p/311.png 1 0 0 50 50
p/310.png 1 0 0 50 50
p/31.png 1 0 0 50 50
p/309.png 1 0 0 50 50
p/308.png 1 0 0 50 50
p/307.jpg 1 0 0 50 50
p/306.png 1 0 0 50 50
p/305.png 1 0 0 50 50
p/304.png 1 0 0 50 50
p/303.png 1 0 0 50 50
p/302.png 1 0 0 50 50
p/301.png 1 0 0 50 50
p/300.png 1 0 0 50 50
p/30.png 1 0 0 50 50
p/3.jpg 1 0 0 50 50
p/299.png 1 0 0 50 50
p/298.png 1 0 0 50 50
p/297.png 1 0 0 50 50
p/296.png 1 0 0 50 50
p/295.jpg 1 0 0 50 50
p/294.png 1 0 0 50 50
p/293.png 1 0 0 50 50
p/292.png 1 0 0 50 50
p/291.png 1 0 0 50 50
p/290.png 1 0 0 50 50
p/29.png 1 0 0 50 50
p/289.png 1 0 0 50 50
p/288.png 1 0 0 50 50
p/287.png 1 0 0 50 50
p/286.png 1 0 0 50 50
p/285.png 1 0 0 50 50
p/284.png 1 0 0 50 50
p/283.jpg 1 0 0 50 50
p/282.png 1 0 0 50 50
p/281.png 1 0 0 50 50
p/280.png 1 0 0 50 50
p/28.png 1 0 0 50 50
p/279.png 1 0 0 50 50
p/278.png 1 0 0 50 50
p/277.png 1 0 0 50 50
p/276.png 1 0 0 50 50
p/275.png 1 0 0 50 50
p/274.png 1 0 0 50 50
p/273.png 1 0 0 50 50
p/272.png 1 0 0 50 50
p/271.jpg 1 0 0 50 50
p/270.png 1 0 0 50 50
p/27.jpg 1 0 0 50 50
p/269.png 1 0 0 50 50
p/268.png 1 0 0 50 50
p/267.png 1 0 0 50 50
p/266.png 1 0 0 50 50
p/265.png 1 0 0 50 50
p/264.png 1 0 0 50 50
p/263.png 1 0 0 50 50
p/262.png 1 0 0 50 50
p/261.png 1 0 0 50 50
p/260.png 1 0 0 50 50
p/26.png 1 0 0 50 50
p/259.jpg 1 0 0 50 50
p/258.png 1 0 0 50 50
p/257.png 1 0 0 50 50
p/256.png 1 0 0 50 50
p/255.png 1 0 0 50 50
p/254.png 1 0 0 50 50
p/253.png 1 0 0 50 50
p/252.png 1 0 0 50 50
p/251.png 1 0 0 50 50
p/250.png 1 0 0 50 50
p/25.png 1 0 0 50 50
p/249.png 1 0 0 50 50
p/248.png 1 0 0 50 50
p/247.jpg 1 0 0 50 50
p/246.png 1 0 0 50 50
p/245.jpg 1 0 0 50 50
p/244.png 1 0 0 50 50
p/243.png 1 0 0 50 50
p/242.png 1 0 0 50 50
p/241.png 1 0 0 50 50
p/240.png 1 0 0 50 50
p/24.png 1 0 0 50 50
p/239.png 1 0 0 50 50
p/238.png 1 0 0 50 50
p/237.png 1 0 0 50 50
p/236.png 1 0 0 50 50
p/235.png 1 0 0 50 50
p/234.png 1 0 0 50 50
p/233.jpg 1 0 0 50 50
p/232.png 1 0 0 50 50
p/231.png 1 0 0 50 50
p/230.png 1 0 0 50 50
p/23.png 1 0 0 50 50
p/229.png 1 0 0 50 50
p/228.png 1 0 0 50 50
p/227.png 1 0 0 50 50
p/226.png 1 0 0 50 50
p/225.png 1 0 0 50 50
p/224.png 1 0 0 50 50
p/223.png 1 0 0 50 50
p/222.png 1 0 0 50 50
p/221.jpg 1 0 0 50 50
p/220.png 1 0 0 50 50
p/22.png 1 0 0 50 50
p/219.png 1 0 0 50 50
p/218.png 1 0 0 50 50
p/217.png 1 0 0 50 50
p/216.png 1 0 0 50 50
p/215.png 1 0 0 50 50
p/214.png 1 0 0 50 50
p/213.png 1 0 0 50 50
p/212.png 1 0 0 50 50
p/211.png 1 0 0 50 50
p/210.png 1 0 0 50 50
p/21.png 1 0 0 50 50
p/209.jpg 1 0 0 50 50
p/208.png 1 0 0 50 50
p/207.png 1 0 0 50 50
p/206.png 1 0 0 50 50
p/205.png 1 0 0 50 50
p/204.png 1 0 0 50 50
p/203.png 1 0 0 50 50
p/202.png 1 0 0 50 50
p/201.png 1 0 0 50 50
p/200.png 1 0 0 50 50
p/20.png 1 0 0 50 50
p/2.png 1 0 0 50 50
p/199.png 1 0 0 50 50
p/198.png 1 0 0 50 50
p/197.jpg 1 0 0 50 50
p/196.png 1 0 0 50 50
p/195.png 1 0 0 50 50
p/194.png 1 0 0 50 50
p/193.png 1 0 0 50 50
p/192.png 1 0 0 50 50
p/191.png 1 0 0 50 50
p/190.png 1 0 0 50 50
p/19.png 1 0 0 50 50
p/189.png 1 0 0 50 50
p/188.png 1 0 0 50 50
p/187.png 1 0 0 50 50
p/186.png 1 0 0 50 50
p/185.jpg 1 0 0 50 50
p/184.png 1 0 0 50 50
p/183.png 1 0 0 50 50
p/182.png 1 0 0 50 50
p/181.png 1 0 0 50 50
p/180.png 1 0 0 50 50
p/18.png 1 0 0 50 50
p/179.png 1 0 0 50 50
p/178.png 1 0 0 50 50
p/177.png 1 0 0 50 50
p/176.png 1 0 0 50 50
p/175.png 1 0 0 50 50
p/174.png 1 0 0 50 50
p/173.jpg 1 0 0 50 50
p/172.png 1 0 0 50 50
p/171.png 1 0 0 50 50
p/170.png 1 0 0 50 50
p/17.png 1 0 0 50 50
p/169.png 1 0 0 50 50
p/168.png 1 0 0 50 50
p/167.png 1 0 0 50 50
p/166.png 1 0 0 50 50
p/165.png 1 0 0 50 50
p/164.png 1 0 0 50 50
p/163.png 1 0 0 50 50
p/162.png 1 0 0 50 50
p/161.jpg 1 0 0 50 50
p/160.png 1 0 0 50 50
p/16.png 1 0 0 50 50
p/159.png 1 0 0 50 50
p/158.png 1 0 0 50 50
p/157.png 1 0 0 50 50
p/156.png 1 0 0 50 50
p/155.png 1 0 0 50 50
p/154.png 1 0 0 50 50
p/153.png 1 0 0 50 50
p/152.png 1 0 0 50 50
p/151.png 1 0 0 50 50
p/150.png 1 0 0 50 50
p/15.jpg 1 0 0 50 50
p/149.jpg 1 0 0 50 50
p/148.png 1 0 0 50 50
p/147.png 1 0 0 50 50
p/146.png 1 0 0 50 50
p/145.png 1 0 0 50 50
p/144.png 1 0 0 50 50
p/143.png 1 0 0 50 50
p/142.png 1 0 0 50 50
p/141.png 1 0 0 50 50
p/140.png 1 0 0 50 50
p/14.png 1 0 0 50 50
p/139.png 1 0 0 50 50
p/138.png 1 0 0 50 50
p/137.jpg 1 0 0 50 50
p/136.png 1 0 0 50 50
p/135.png 1 0 0 50 50
p/134.png 1 0 0 50 50
p/133.png 1 0 0 50 50
p/132.png 1 0 0 50 50
p/131.png 1 0 0 50 50
p/130.png 1 0 0 50 50
p/13.png 1 0 0 50 50
p/129.png 1 0 0 50 50
p/128.png 1 0 0 50 50
p/127.png 1 0 0 50 50
p/126.png 1 0 0 50 50
p/125.jpg 1 0 0 50 50
p/124.png 1 0 0 50 50
p/123.jpg 1 0 0 50 50
p/122.png 1 0 0 50 50
p/121.png 1 0 0 50 50
p/120.png 1 0 0 50 50
p/12.png 1 0 0 50 50
p/119.png 1 0 0 50 50
p/118.png 1 0 0 50 50
p/117.png 1 0 0 50 50
p/116.png 1 0 0 50 50
p/115.png 1 0 0 50 50
p/114.png 1 0 0 50 50
p/113.png 1 0 0 50 50
p/112.png 1 0 0 50 50
p/111.jpg 1 0 0 50 50
p/110.png 1 0 0 50 50
p/11.png 1 0 0 50 50
p/109.png 1 0 0 50 50
p/108.png 1 0 0 50 50
p/107.png 1 0 0 50 50
p/106.png 1 0 0 50 50
p/105.png 1 0 0 50 50
p/104.png 1 0 0 50 50
p/103.png 1 0 0 50 50
p/102.png 1 0 0 50 50
p/101.png 1 0 0 50 50
p/100.png 1 0 0 50 50
p/10.png 1 0 0 50 50
p/1.jpg 1 0 0 50 50